[2026-03-14 09:00:01] ========== 任务调度开始 ==========
[2026-03-14 09:00:01] 任务：breaking_news_check
[2026-03-14 09:00:01] 时间：2026-03-14 09:00
[2026-03-14 09:00:01] 任务 ID: 20260314_090001_94633
[2026-03-14 09:00:01] ✓ 紧急新闻检查任务文件已创建
[2026-03-14 09:00:01] ========== 任务调度完成 ==========
[2026-03-14 09:30:01] ========== 任务调度开始 ==========
[2026-03-14 09:30:01] 任务：breaking_news_check
[2026-03-14 09:30:01] 时间：2026-03-14 09:30
[2026-03-14 09:30:01] 任务 ID: 20260314_093001_94842
[2026-03-14 09:30:01] ✓ 紧急新闻检查任务文件已创建
[2026-03-14 09:30:01] ========== 任务调度完成 ==========
[2026-03-14 10:00:01] ========== 任务调度开始 ==========
[2026-03-14 10:00:01] 任务：breaking_news_check
[2026-03-14 10:00:01] 时间：2026-03-14 10:00
[2026-03-14 10:00:01] 任务 ID: 20260314_100001_95261
[2026-03-14 10:00:01] ✓ 紧急新闻检查任务文件已创建
[2026-03-14 10:00:01] ========== 任务调度完成 ==========
[2026-03-14 10:30:01] ========== 任务调度开始 ==========
[2026-03-14 10:30:01] 任务：breaking_news_check
[2026-03-14 10:30:01] 时间：2026-03-14 10:30
[2026-03-14 10:30:01] 任务 ID: 20260314_103001_95566
[2026-03-14 10:30:01] ✓ 紧急新闻检查任务文件已创建
[2026-03-14 10:30:01] ========== 任务调度完成 ==========
[2026-03-14 11:00:01] ========== 任务调度开始 ==========
[2026-03-14 11:00:01] 任务：breaking_news_check
[2026-03-14 11:00:01] 时间：2026-03-14 11:00
[2026-03-14 11:00:01] 任务 ID: 20260314_110001_95845
[2026-03-14 11:00:01] ✓ 紧急新闻检查任务文件已创建
[2026-03-14 11:00:01] ========== 任务调度完成 ==========
[2026-03-14 11:28:21] ========== 任务调度开始 ==========
[2026-03-14 11:28:21] 任务：collect_news
[2026-03-14 11:28:21] 时间：2026-03-14 11:28
[2026-03-14 11:28:21] 任务 ID: 20260314_112821_97029
[2026-03-14 11:28:21] ✓ 新闻收集任务文件已创建
[2026-03-14 11:28:21] ========== 任务调度完成 ==========
[2026-03-14 11:28:27] ========== 任务调度开始 ==========
[2026-03-14 11:28:27] 任务：collect_skills
[2026-03-14 11:28:27] 时间：2026-03-14 11:28
[2026-03-14 11:28:27] 任务 ID: 20260314_112827_97076
[2026-03-14 11:28:27] ✓ Skills 收集任务文件已创建
[2026-03-14 11:28:27] ========== 任务调度完成 ==========
[2026-03-14 11:28:27] ========== 任务调度开始 ==========
[2026-03-14 11:28:27] 任务：breaking_news_check
[2026-03-14 11:28:27] 时间：2026-03-14 11:28
[2026-03-14 11:28:27] 任务 ID: 20260314_112827_97122
[2026-03-14 11:28:27] ✓ 紧急新闻检查任务文件已创建
[2026-03-14 11:28:27] ========== 任务调度完成 ==========
